2024-10-17T17:12:22+00:00 DEBUG POST: https://ads.tiktok.com/marketing_api/api/developer/app/create_auto_approve/

{"business_platform":"PROD","smb_id":"tt4b_woocommerce_671145763f60dhttplocalhost8080wp-admin","smb_name":"PROD","redirect_url":"http:\/\/localhost:8080\/wp-admin\/"}
 ajax: no
2024-10-17T17:12:22+00:00 DEBUG Tt4b_Mapi_Class::create_open_source_app: Response: 

HTTP/1.1 200 OK
Content-Type: application/json
X-Tt-Logid: 202410171712224B5E4D9E97426D3865A5,202410171712224B5E4D9E97426D3865A5
Strict-Transport-Security: max-age=31536000; includeSubDomains
x-tt-trace-host: 0156de76aa55d92bcb6639715d9a80c857961dc2b7af726054e5101da793a3d18da681b9cbe90516241e63623de8e295df91766ce34b1720f055483c54ac8a53f8b9ab8a9f24b103215f37d691358ab1e74af152224605f99189013ad1e984c7dcc3bac1cac4ae56fc8a5ccad125fdabd108e8428b61faf58e43264f809fcb9e03
x-tt-trace-id: 00-2410171712224B5E4D9E97426D3865A5-18EEA2B25D7E9EA2-00
Server: TLB
Content-Encoding: gzip
Content-Length: 203
X-Origin-Response-Time: 95,23.40.40.119
X-Akamai-Request-ID: 1bd8aad2.c8a47e5f.fb8df4d8
X-Parent-Response-Time: 236,2.16.152.97
Date: Thu, 17 Oct 2024 17:12:23 GMT
X-Cache: TCP_MISS from a95-100-100-116.deploy.akamaitechnologies.com (AkamaiGHost/11.6.5-0c617a4be13e71cac2c90d10d87ecf54) (-)
Connection: close
Vary: Accept-Encoding
X-Cache-Remote: TCP_MISS from a2-16-152-97.deploy.akamaitechnologies.com (AkamaiGHost/11.6.5-0c617a4be13e71cac2c90d10d87ecf54) (-)
x-tt-trace-tag: id=16;cdn-cache=miss;type=dyn
Server-Timing: cdn-cache; desc=MISS, edge; dur=181, origin; dur=95
Server-Timing: inner; dur=89
X-Parent-Response-Time: 275,95.100.100.116

{"code":0,"msg":"ok","data":{"app_secret":"91f1ae9eb287474566b5031cce719a2dc582d64c","redirect_uri":"http:\/\/localhost:8080\/wp-admin\/","external_data_key":"a5994dda-572e-4e63-9a0a-335a4503402a","app_id":"7426793638979436562"}}
2024-10-17T17:14:41+00:00 DEBUG Tt4b_Pixel_Class::inject_view_content_event: hit ViewContent
2024-10-17T17:14:41+00:00 DEBUG Tt4b_Pixel_Class::inject_view_content_event: Missing option "access_token"
